<?xml version="1.0" encoding="UTF-8"?>
<!-- Generated by org.testng.reporters.JUnitXMLReporter -->
<testsuite ignored="8" hostname="Lenovo" failures="0" tests="1" name="Default test" time="9.971" errors="0" timestamp="2024-02-10T17:45:40 IST">
  <testcase classname="com.internship.test.TrainingHeadTest" name="deleteLearnerDetails" time="1.874"/>
  <testcase classname="com.internship.test.TrainingHeadTest" name="cancelcsv" time="0.0">
    <ignored/>
  </testcase> <!-- cancelcsv -->
  <testcase classname="com.internship.test.TrainingHeadTest" name="editLearnerDetailsBackButton" time="0.0">
    <ignored/>
  </testcase> <!-- editLearnerDetailsBackButton -->
  <testcase classname="com.internship.test.TrainingHeadTest" name="addLearnerWithInvalidLearnerid" time="0.0">
    <ignored/>
  </testcase> <!-- addLearnerWithInvalidLearnerid -->
  <testcase classname="com.internship.test.TrainingHeadTest" name="addcsv" time="0.0">
    <ignored/>
  </testcase> <!-- addcsv -->
  <testcase classname="com.internship.test.TrainingHeadTest" name="addLearner" time="0.0">
    <ignored/>
  </testcase> <!-- addLearner -->
  <testcase classname="com.internship.test.TrainingHeadTest" name="addLearnerWithInvalidName" time="0.0">
    <ignored/>
  </testcase> <!-- addLearnerWithInvalidName -->
  <testcase classname="com.internship.test.TrainingHeadTest" name="editLearnerDetails" time="0.0">
    <ignored/>
  </testcase> <!-- editLearnerDetails -->
  <testcase classname="com.internship.test.TrainingHeadTest" name="addLearnerBackButton" time="0.0">
    <ignored/>
  </testcase> <!-- addLearnerBackButton -->
</testsuite> <!-- Default test -->
