<?xml version="1.0" encoding="UTF-8"?>
<testng-results ignored="0" total="35" passed="35" failed="0" skipped="0">
  <reporter-output>
  </reporter-output>
  <suite started-at="2024-02-10T17:46:44 IST" name="Suite" finished-at="2024-02-10T17:52:13 IST" duration-ms="328815">
    <groups>
    </groups>
    <test started-at="2024-02-10T17:46:44 IST" name="Test" finished-at="2024-02-10T17:52:13 IST" duration-ms="328815">
      <class name="com.internship.test.TrainingHeadTest">
        <test-method is-config="true" signature="setup()[pri:0, instance:com.internship.test.TrainingHeadTest@5d0bf09b]" started-at="2024-02-10T17:49:57 IST" name="setup" finished-at="2024-02-10T17:50:02 IST" duration-ms="5462" status="PASS">
          <reporter-output>
          </reporter-output>
        </test-method> <!-- setup -->
        <test-method signature="addLearner()[pri:0, instance:com.internship.test.TrainingHeadTest@5d0bf09b]" started-at="2024-02-10T17:50:02 IST" name="addLearner" finished-at="2024-02-10T17:50:05 IST" duration-ms="3216" status="PASS">
          <reporter-output>
          </reporter-output>
        </test-method> <!-- addLearner -->
        <test-method is-config="true" signature="finish()[pri:0, instance:com.internship.test.TrainingHeadTest@5d0bf09b]" started-at="2024-02-10T17:50:05 IST" name="finish" finished-at="2024-02-10T17:50:06 IST" duration-ms="740" status="PASS">
          <reporter-output>
          </reporter-output>
        </test-method> <!-- finish -->
        <test-method is-config="true" signature="setup()[pri:0, instance:com.internship.test.TrainingHeadTest@5d0bf09b]" started-at="2024-02-10T17:50:06 IST" name="setup" finished-at="2024-02-10T17:50:12 IST" duration-ms="5611" status="PASS">
          <reporter-output>
          </reporter-output>
        </test-method> <!-- setup -->
        <test-method signature="addLearnerBackButton()[pri:0, instance:com.internship.test.TrainingHeadTest@5d0bf09b]" started-at="2024-02-10T17:50:12 IST" name="addLearnerBackButton" finished-at="2024-02-10T17:50:15 IST" duration-ms="3098" status="PASS">
          <reporter-output>
          </reporter-output>
        </test-method> <!-- addLearnerBackButton -->
        <test-method is-config="true" signature="finish()[pri:0, instance:com.internship.test.TrainingHeadTest@5d0bf09b]" started-at="2024-02-10T17:50:15 IST" name="finish" finished-at="2024-02-10T17:50:16 IST" duration-ms="744" status="PASS">
          <reporter-output>
          </reporter-output>
        </test-method> <!-- finish -->
        <test-method is-config="true" signature="setup()[pri:0, instance:com.internship.test.TrainingHeadTest@5d0bf09b]" started-at="2024-02-10T17:50:16 IST" name="setup" finished-at="2024-02-10T17:50:21 IST" duration-ms="5277" status="PASS">
          <reporter-output>
          </reporter-output>
        </test-method> <!-- setup -->
        <test-method signature="addLearnerWithInvalidLearnerid()[pri:0, instance:com.internship.test.TrainingHeadTest@5d0bf09b]" started-at="2024-02-10T17:50:21 IST" name="addLearnerWithInvalidLearnerid" finished-at="2024-02-10T17:50:24 IST" duration-ms="3036" status="PASS">
          <reporter-output>
          </reporter-output>
        </test-method> <!-- addLearnerWithInvalidLearnerid -->
        <test-method is-config="true" signature="finish()[pri:0, instance:com.internship.test.TrainingHeadTest@5d0bf09b]" started-at="2024-02-10T17:50:24 IST" name="finish" finished-at="2024-02-10T17:50:25 IST" duration-ms="738" status="PASS">
          <reporter-output>
          </reporter-output>
        </test-method> <!-- finish -->
        <test-method is-config="true" signature="setup()[pri:0, instance:com.internship.test.TrainingHeadTest@5d0bf09b]" started-at="2024-02-10T17:50:25 IST" name="setup" finished-at="2024-02-10T17:50:30 IST" duration-ms="5670" status="PASS">
          <reporter-output>
          </reporter-output>
        </test-method> <!-- setup -->
        <test-method signature="addLearnerWithInvalidName()[pri:0, instance:com.internship.test.TrainingHeadTest@5d0bf09b]" started-at="2024-02-10T17:50:30 IST" name="addLearnerWithInvalidName" finished-at="2024-02-10T17:50:33 IST" duration-ms="2450" status="PASS">
          <reporter-output>
          </reporter-output>
        </test-method> <!-- addLearnerWithInvalidName -->
        <test-method is-config="true" signature="finish()[pri:0, instance:com.internship.test.TrainingHeadTest@5d0bf09b]" started-at="2024-02-10T17:50:33 IST" name="finish" finished-at="2024-02-10T17:50:34 IST" duration-ms="746" status="PASS">
          <reporter-output>
          </reporter-output>
        </test-method> <!-- finish -->
        <test-method is-config="true" signature="setup()[pri:0, instance:com.internship.test.TrainingHeadTest@5d0bf09b]" started-at="2024-02-10T17:50:34 IST" name="setup" finished-at="2024-02-10T17:50:39 IST" duration-ms="5730" status="PASS">
          <reporter-output>
          </reporter-output>
        </test-method> <!-- setup -->
        <test-method signature="addcsv()[pri:0, instance:com.internship.test.TrainingHeadTest@5d0bf09b]" started-at="2024-02-10T17:50:39 IST" name="addcsv" finished-at="2024-02-10T17:50:42 IST" duration-ms="2878" status="PASS">
          <reporter-output>
          </reporter-output>
        </test-method> <!-- addcsv -->
        <test-method is-config="true" signature="finish()[pri:0, instance:com.internship.test.TrainingHeadTest@5d0bf09b]" started-at="2024-02-10T17:50:42 IST" name="finish" finished-at="2024-02-10T17:50:43 IST" duration-ms="758" status="PASS">
          <reporter-output>
          </reporter-output>
        </test-method> <!-- finish -->
        <test-method is-config="true" signature="setup()[pri:0, instance:com.internship.test.TrainingHeadTest@5d0bf09b]" started-at="2024-02-10T17:50:43 IST" name="setup" finished-at="2024-02-10T17:50:48 IST" duration-ms="5159" status="PASS">
          <reporter-output>
          </reporter-output>
        </test-method> <!-- setup -->
        <test-method signature="cancelcsv()[pri:0, instance:com.internship.test.TrainingHeadTest@5d0bf09b]" started-at="2024-02-10T17:50:48 IST" name="cancelcsv" finished-at="2024-02-10T17:50:50 IST" duration-ms="2059" status="PASS">
          <reporter-output>
          </reporter-output>
        </test-method> <!-- cancelcsv -->
        <test-method is-config="true" signature="finish()[pri:0, instance:com.internship.test.TrainingHeadTest@5d0bf09b]" started-at="2024-02-10T17:50:50 IST" name="finish" finished-at="2024-02-10T17:50:51 IST" duration-ms="692" status="PASS">
          <reporter-output>
          </reporter-output>
        </test-method> <!-- finish -->
        <test-method is-config="true" signature="setup()[pri:0, instance:com.internship.test.TrainingHeadTest@5d0bf09b]" started-at="2024-02-10T17:50:51 IST" name="setup" finished-at="2024-02-10T17:50:56 IST" duration-ms="5251" status="PASS">
          <reporter-output>
          </reporter-output>
        </test-method> <!-- setup -->
        <test-method signature="deleteLearnerDetails()[pri:0, instance:com.internship.test.TrainingHeadTest@5d0bf09b]" started-at="2024-02-10T17:50:56 IST" name="deleteLearnerDetails" finished-at="2024-02-10T17:50:58 IST" duration-ms="1675" status="PASS">
          <reporter-output>
          </reporter-output>
        </test-method> <!-- deleteLearnerDetails -->
        <test-method is-config="true" signature="finish()[pri:0, instance:com.internship.test.TrainingHeadTest@5d0bf09b]" started-at="2024-02-10T17:50:58 IST" name="finish" finished-at="2024-02-10T17:50:59 IST" duration-ms="729" status="PASS">
          <reporter-output>
          </reporter-output>
        </test-method> <!-- finish -->
        <test-method is-config="true" signature="setup()[pri:0, instance:com.internship.test.TrainingHeadTest@5d0bf09b]" started-at="2024-02-10T17:50:59 IST" name="setup" finished-at="2024-02-10T17:51:05 IST" duration-ms="5978" status="PASS">
          <reporter-output>
          </reporter-output>
        </test-method> <!-- setup -->
        <test-method signature="editLearnerDetails()[pri:0, instance:com.internship.test.TrainingHeadTest@5d0bf09b]" started-at="2024-02-10T17:51:05 IST" name="editLearnerDetails" finished-at="2024-02-10T17:51:08 IST" duration-ms="3744" status="PASS">
          <reporter-output>
          </reporter-output>
        </test-method> <!-- editLearnerDetails -->
        <test-method is-config="true" signature="finish()[pri:0, instance:com.internship.test.TrainingHeadTest@5d0bf09b]" started-at="2024-02-10T17:51:08 IST" name="finish" finished-at="2024-02-10T17:51:09 IST" duration-ms="751" status="PASS">
          <reporter-output>
          </reporter-output>
        </test-method> <!-- finish -->
        <test-method is-config="true" signature="setup()[pri:0, instance:com.internship.test.TrainingHeadTest@5d0bf09b]" started-at="2024-02-10T17:51:09 IST" name="setup" finished-at="2024-02-10T17:51:17 IST" duration-ms="7939" status="PASS">
          <reporter-output>
          </reporter-output>
        </test-method> <!-- setup -->
        <test-method signature="editLearnerDetailsBackButton()[pri:0, instance:com.internship.test.TrainingHeadTest@5d0bf09b]" started-at="2024-02-10T17:51:17 IST" name="editLearnerDetailsBackButton" finished-at="2024-02-10T17:51:20 IST" duration-ms="3241" status="PASS">
          <reporter-output>
          </reporter-output>
        </test-method> <!-- editLearnerDetailsBackButton -->
        <test-method is-config="true" signature="finish()[pri:0, instance:com.internship.test.TrainingHeadTest@5d0bf09b]" started-at="2024-02-10T17:51:20 IST" name="finish" finished-at="2024-02-10T17:51:21 IST" duration-ms="734" status="PASS">
          <reporter-output>
          </reporter-output>
        </test-method> <!-- finish -->
      </class> <!-- com.internship.test.TrainingHeadTest -->
      <class name="com.internship.test.AdminTest">
        <test-method is-config="true" signature="setup()[pri:0, instance:com.internship.test.AdminTest@248e319b]" started-at="2024-02-10T17:48:13 IST" name="setup" finished-at="2024-02-10T17:48:20 IST" duration-ms="6987" status="PASS">
          <reporter-output>
          </reporter-output>
        </test-method> <!-- setup -->
        <test-method signature="addUser()[pri:0, instance:com.internship.test.AdminTest@248e319b]" started-at="2024-02-10T17:48:20 IST" name="addUser" finished-at="2024-02-10T17:48:25 IST" duration-ms="4538" status="PASS">
          <reporter-output>
          </reporter-output>
        </test-method> <!-- addUser -->
        <test-method is-config="true" signature="finish()[pri:0, instance:com.internship.test.AdminTest@248e319b]" started-at="2024-02-10T17:48:25 IST" name="finish" finished-at="2024-02-10T17:48:25 IST" duration-ms="683" status="PASS">
          <reporter-output>
          </reporter-output>
        </test-method> <!-- finish -->
        <test-method is-config="true" signature="setup()[pri:0, instance:com.internship.test.AdminTest@248e319b]" started-at="2024-02-10T17:48:25 IST" name="setup" finished-at="2024-02-10T17:48:31 IST" duration-ms="5905" status="PASS">
          <reporter-output>
          </reporter-output>
        </test-method> <!-- setup -->
        <test-method signature="admiCSVCancel()[pri:0, instance:com.internship.test.AdminTest@248e319b]" started-at="2024-02-10T17:48:31 IST" name="admiCSVCancel" finished-at="2024-02-10T17:48:35 IST" duration-ms="3440" status="PASS">
          <reporter-output>
          </reporter-output>
        </test-method> <!-- admiCSVCancel -->
        <test-method is-config="true" signature="finish()[pri:0, instance:com.internship.test.AdminTest@248e319b]" started-at="2024-02-10T17:48:35 IST" name="finish" finished-at="2024-02-10T17:48:35 IST" duration-ms="657" status="PASS">
          <reporter-output>
          </reporter-output>
        </test-method> <!-- finish -->
        <test-method is-config="true" signature="setup()[pri:0, instance:com.internship.test.AdminTest@248e319b]" started-at="2024-02-10T17:48:35 IST" name="setup" finished-at="2024-02-10T17:48:43 IST" duration-ms="7720" status="PASS">
          <reporter-output>
          </reporter-output>
        </test-method> <!-- setup -->
        <test-method signature="adminAddCSV()[pri:0, instance:com.internship.test.AdminTest@248e319b]" started-at="2024-02-10T17:48:43 IST" name="adminAddCSV" finished-at="2024-02-10T17:48:46 IST" duration-ms="3257" status="PASS">
          <reporter-output>
          </reporter-output>
        </test-method> <!-- adminAddCSV -->
        <test-method is-config="true" signature="finish()[pri:0, instance:com.internship.test.AdminTest@248e319b]" started-at="2024-02-10T17:48:46 IST" name="finish" finished-at="2024-02-10T17:48:47 IST" duration-ms="721" status="PASS">
          <reporter-output>
          </reporter-output>
        </test-method> <!-- finish -->
        <test-method is-config="true" signature="setup()[pri:0, instance:com.internship.test.AdminTest@248e319b]" started-at="2024-02-10T17:48:47 IST" name="setup" finished-at="2024-02-10T17:48:53 IST" duration-ms="5961" status="PASS">
          <reporter-output>
          </reporter-output>
        </test-method> <!-- setup -->
        <test-method signature="adminAddLearner()[pri:0, instance:com.internship.test.AdminTest@248e319b]" started-at="2024-02-10T17:48:53 IST" name="adminAddLearner" finished-at="2024-02-10T17:48:57 IST" duration-ms="3644" status="PASS">
          <reporter-output>
          </reporter-output>
        </test-method> <!-- adminAddLearner -->
        <test-method is-config="true" signature="finish()[pri:0, instance:com.internship.test.AdminTest@248e319b]" started-at="2024-02-10T17:48:57 IST" name="finish" finished-at="2024-02-10T17:48:57 IST" duration-ms="682" status="PASS">
          <reporter-output>
          </reporter-output>
        </test-method> <!-- finish -->
        <test-method is-config="true" signature="setup()[pri:0, instance:com.internship.test.AdminTest@248e319b]" started-at="2024-02-10T17:48:57 IST" name="setup" finished-at="2024-02-10T17:49:03 IST" duration-ms="6105" status="PASS">
          <reporter-output>
          </reporter-output>
        </test-method> <!-- setup -->
        <test-method signature="adminAddLearnerCancel()[pri:0, instance:com.internship.test.AdminTest@248e319b]" started-at="2024-02-10T17:49:03 IST" name="adminAddLearnerCancel" finished-at="2024-02-10T17:49:07 IST" duration-ms="3616" status="PASS">
          <reporter-output>
          </reporter-output>
        </test-method> <!-- adminAddLearnerCancel -->
        <test-method is-config="true" signature="finish()[pri:0, instance:com.internship.test.AdminTest@248e319b]" started-at="2024-02-10T17:49:07 IST" name="finish" finished-at="2024-02-10T17:49:08 IST" duration-ms="890" status="PASS">
          <reporter-output>
          </reporter-output>
        </test-method> <!-- finish -->
        <test-method is-config="true" signature="setup()[pri:0, instance:com.internship.test.AdminTest@248e319b]" started-at="2024-02-10T17:49:08 IST" name="setup" finished-at="2024-02-10T17:49:14 IST" duration-ms="5983" status="PASS">
          <reporter-output>
          </reporter-output>
        </test-method> <!-- setup -->
        <test-method signature="adminDeleteLearner()[pri:0, instance:com.internship.test.AdminTest@248e319b]" started-at="2024-02-10T17:49:14 IST" name="adminDeleteLearner" finished-at="2024-02-10T17:49:16 IST" duration-ms="2087" status="PASS">
          <reporter-output>
          </reporter-output>
        </test-method> <!-- adminDeleteLearner -->
        <test-method is-config="true" signature="finish()[pri:0, instance:com.internship.test.AdminTest@248e319b]" started-at="2024-02-10T17:49:16 IST" name="finish" finished-at="2024-02-10T17:49:17 IST" duration-ms="661" status="PASS">
          <reporter-output>
          </reporter-output>
        </test-method> <!-- finish -->
        <test-method is-config="true" signature="setup()[pri:0, instance:com.internship.test.AdminTest@248e319b]" started-at="2024-02-10T17:49:17 IST" name="setup" finished-at="2024-02-10T17:49:22 IST" duration-ms="5208" status="PASS">
          <reporter-output>
          </reporter-output>
        </test-method> <!-- setup -->
        <test-method signature="adminEditLearner()[pri:0, instance:com.internship.test.AdminTest@248e319b]" started-at="2024-02-10T17:49:22 IST" name="adminEditLearner" finished-at="2024-02-10T17:49:26 IST" duration-ms="4138" status="PASS">
          <reporter-output>
          </reporter-output>
        </test-method> <!-- adminEditLearner -->
        <test-method is-config="true" signature="finish()[pri:0, instance:com.internship.test.AdminTest@248e319b]" started-at="2024-02-10T17:49:26 IST" name="finish" finished-at="2024-02-10T17:49:27 IST" duration-ms="764" status="PASS">
          <reporter-output>
          </reporter-output>
        </test-method> <!-- finish -->
        <test-method is-config="true" signature="setup()[pri:0, instance:com.internship.test.AdminTest@248e319b]" started-at="2024-02-10T17:49:27 IST" name="setup" finished-at="2024-02-10T17:49:33 IST" duration-ms="6116" status="PASS">
          <reporter-output>
          </reporter-output>
        </test-method> <!-- setup -->
        <test-method signature="adminUpdatePlacementStatus()[pri:0, instance:com.internship.test.AdminTest@248e319b]" started-at="2024-02-10T17:49:33 IST" name="adminUpdatePlacementStatus" finished-at="2024-02-10T17:49:36 IST" duration-ms="3293" status="PASS">
          <reporter-output>
          </reporter-output>
        </test-method> <!-- adminUpdatePlacementStatus -->
        <test-method is-config="true" signature="finish()[pri:0, instance:com.internship.test.AdminTest@248e319b]" started-at="2024-02-10T17:49:36 IST" name="finish" finished-at="2024-02-10T17:49:37 IST" duration-ms="715" status="PASS">
          <reporter-output>
          </reporter-output>
        </test-method> <!-- finish -->
        <test-method is-config="true" signature="setup()[pri:0, instance:com.internship.test.AdminTest@248e319b]" started-at="2024-02-10T17:49:37 IST" name="setup" finished-at="2024-02-10T17:49:43 IST" duration-ms="5711" status="PASS">
          <reporter-output>
          </reporter-output>
        </test-method> <!-- setup -->
        <test-method signature="deleteUser()[pri:0, instance:com.internship.test.AdminTest@248e319b]" started-at="2024-02-10T17:49:43 IST" name="deleteUser" finished-at="2024-02-10T17:49:45 IST" duration-ms="2103" status="PASS">
          <reporter-output>
          </reporter-output>
        </test-method> <!-- deleteUser -->
        <test-method is-config="true" signature="finish()[pri:0, instance:com.internship.test.AdminTest@248e319b]" started-at="2024-02-10T17:49:45 IST" name="finish" finished-at="2024-02-10T17:49:45 IST" duration-ms="716" status="PASS">
          <reporter-output>
          </reporter-output>
        </test-method> <!-- finish -->
        <test-method is-config="true" signature="setup()[pri:0, instance:com.internship.test.AdminTest@248e319b]" started-at="2024-02-10T17:49:45 IST" name="setup" finished-at="2024-02-10T17:49:51 IST" duration-ms="5768" status="PASS">
          <reporter-output>
          </reporter-output>
        </test-method> <!-- setup -->
        <test-method signature="editUser()[pri:0, instance:com.internship.test.AdminTest@248e319b]" started-at="2024-02-10T17:49:51 IST" name="editUser" finished-at="2024-02-10T17:49:56 IST" duration-ms="4892" status="PASS">
          <reporter-output>
          </reporter-output>
        </test-method> <!-- editUser -->
        <test-method is-config="true" signature="finish()[pri:0, instance:com.internship.test.AdminTest@248e319b]" started-at="2024-02-10T17:49:56 IST" name="finish" finished-at="2024-02-10T17:49:57 IST" duration-ms="767" status="PASS">
          <reporter-output>
          </reporter-output>
        </test-method> <!-- finish -->
      </class> <!-- com.internship.test.AdminTest -->
      <class name="com.internship.test.LoginTest">
        <test-method is-config="true" signature="setup()[pri:0, instance:com.internship.test.LoginTest@4686afc2]" started-at="2024-02-10T17:46:44 IST" name="setup" finished-at="2024-02-10T17:46:51 IST" duration-ms="6889" status="PASS">
          <reporter-output>
          </reporter-output>
        </test-method> <!-- setup -->
        <test-method signature="validAdminLogin()[pri:1, instance:com.internship.test.LoginTest@4686afc2]" started-at="2024-02-10T17:46:51 IST" name="validAdminLogin" finished-at="2024-02-10T17:46:53 IST" duration-ms="2410" status="PASS">
          <reporter-output>
          </reporter-output>
        </test-method> <!-- validAdminLogin -->
        <test-method is-config="true" signature="finish()[pri:0, instance:com.internship.test.LoginTest@4686afc2]" started-at="2024-02-10T17:46:53 IST" name="finish" finished-at="2024-02-10T17:46:54 IST" duration-ms="731" status="PASS">
          <reporter-output>
          </reporter-output>
        </test-method> <!-- finish -->
        <test-method is-config="true" signature="setup()[pri:0, instance:com.internship.test.LoginTest@4686afc2]" started-at="2024-02-10T17:46:54 IST" name="setup" finished-at="2024-02-10T17:47:01 IST" duration-ms="7115" status="PASS">
          <reporter-output>
          </reporter-output>
        </test-method> <!-- setup -->
        <test-method signature="validPlacementOfficerLogin()[pri:1, instance:com.internship.test.LoginTest@4686afc2]" started-at="2024-02-10T17:47:01 IST" name="validPlacementOfficerLogin" finished-at="2024-02-10T17:47:02 IST" duration-ms="1419" status="PASS">
          <reporter-output>
          </reporter-output>
        </test-method> <!-- validPlacementOfficerLogin -->
        <test-method is-config="true" signature="finish()[pri:0, instance:com.internship.test.LoginTest@4686afc2]" started-at="2024-02-10T17:47:02 IST" name="finish" finished-at="2024-02-10T17:47:03 IST" duration-ms="766" status="PASS">
          <reporter-output>
          </reporter-output>
        </test-method> <!-- finish -->
        <test-method is-config="true" signature="setup()[pri:0, instance:com.internship.test.LoginTest@4686afc2]" started-at="2024-02-10T17:47:03 IST" name="setup" finished-at="2024-02-10T17:47:09 IST" duration-ms="5844" status="PASS">
          <reporter-output>
          </reporter-output>
        </test-method> <!-- setup -->
        <test-method signature="validTrainingHeadLogin()[pri:1, instance:com.internship.test.LoginTest@4686afc2]" started-at="2024-02-10T17:47:09 IST" name="validTrainingHeadLogin" finished-at="2024-02-10T17:47:10 IST" duration-ms="1435" status="PASS">
          <reporter-output>
          </reporter-output>
        </test-method> <!-- validTrainingHeadLogin -->
        <test-method is-config="true" signature="finish()[pri:0, instance:com.internship.test.LoginTest@4686afc2]" started-at="2024-02-10T17:47:10 IST" name="finish" finished-at="2024-02-10T17:47:11 IST" duration-ms="703" status="PASS">
          <reporter-output>
          </reporter-output>
        </test-method> <!-- finish -->
        <test-method is-config="true" signature="setup()[pri:0, instance:com.internship.test.LoginTest@4686afc2]" started-at="2024-02-10T17:47:11 IST" name="setup" finished-at="2024-02-10T17:47:19 IST" duration-ms="7457" status="PASS">
          <reporter-output>
          </reporter-output>
        </test-method> <!-- setup -->
        <test-method signature="adminLoginInvalidUsername()[pri:2, instance:com.internship.test.LoginTest@4686afc2]" started-at="2024-02-10T17:47:19 IST" name="adminLoginInvalidUsername" finished-at="2024-02-10T17:47:20 IST" duration-ms="953" status="PASS">
          <reporter-output>
          </reporter-output>
        </test-method> <!-- adminLoginInvalidUsername -->
        <test-method is-config="true" signature="finish()[pri:0, instance:com.internship.test.LoginTest@4686afc2]" started-at="2024-02-10T17:47:20 IST" name="finish" finished-at="2024-02-10T17:47:20 IST" duration-ms="690" status="PASS">
          <reporter-output>
          </reporter-output>
        </test-method> <!-- finish -->
        <test-method is-config="true" signature="setup()[pri:0, instance:com.internship.test.LoginTest@4686afc2]" started-at="2024-02-10T17:47:20 IST" name="setup" finished-at="2024-02-10T17:47:26 IST" duration-ms="5582" status="PASS">
          <reporter-output>
          </reporter-output>
        </test-method> <!-- setup -->
        <test-method signature="placementOfficerLoginInvalidUsername()[pri:2, instance:com.internship.test.LoginTest@4686afc2]" started-at="2024-02-10T17:47:26 IST" name="placementOfficerLoginInvalidUsername" finished-at="2024-02-10T17:47:27 IST" duration-ms="1076" status="PASS">
          <reporter-output>
          </reporter-output>
        </test-method> <!-- placementOfficerLoginInvalidUsername -->
        <test-method is-config="true" signature="finish()[pri:0, instance:com.internship.test.LoginTest@4686afc2]" started-at="2024-02-10T17:47:27 IST" name="finish" finished-at="2024-02-10T17:47:28 IST" duration-ms="648" status="PASS">
          <reporter-output>
          </reporter-output>
        </test-method> <!-- finish -->
        <test-method is-config="true" signature="setup()[pri:0, instance:com.internship.test.LoginTest@4686afc2]" started-at="2024-02-10T17:47:28 IST" name="setup" finished-at="2024-02-10T17:47:33 IST" duration-ms="5845" status="PASS">
          <reporter-output>
          </reporter-output>
        </test-method> <!-- setup -->
        <test-method signature="trainingHeadLoginInvalidUsername()[pri:2, instance:com.internship.test.LoginTest@4686afc2]" started-at="2024-02-10T17:47:33 IST" name="trainingHeadLoginInvalidUsername" finished-at="2024-02-10T17:47:34 IST" duration-ms="932" status="PASS">
          <reporter-output>
          </reporter-output>
        </test-method> <!-- trainingHeadLoginInvalidUsername -->
        <test-method is-config="true" signature="finish()[pri:0, instance:com.internship.test.LoginTest@4686afc2]" started-at="2024-02-10T17:47:34 IST" name="finish" finished-at="2024-02-10T17:47:35 IST" duration-ms="662" status="PASS">
          <reporter-output>
          </reporter-output>
        </test-method> <!-- finish -->
        <test-method is-config="true" signature="setup()[pri:0, instance:com.internship.test.LoginTest@4686afc2]" started-at="2024-02-10T17:47:35 IST" name="setup" finished-at="2024-02-10T17:47:43 IST" duration-ms="7970" status="PASS">
          <reporter-output>
          </reporter-output>
        </test-method> <!-- setup -->
        <test-method signature="adminLoginInvalidPassword()[pri:3, instance:com.internship.test.LoginTest@4686afc2]" started-at="2024-02-10T17:47:43 IST" name="adminLoginInvalidPassword" finished-at="2024-02-10T17:47:44 IST" duration-ms="1056" status="PASS">
          <reporter-output>
          </reporter-output>
        </test-method> <!-- adminLoginInvalidPassword -->
        <test-method is-config="true" signature="finish()[pri:0, instance:com.internship.test.LoginTest@4686afc2]" started-at="2024-02-10T17:47:44 IST" name="finish" finished-at="2024-02-10T17:47:45 IST" duration-ms="802" status="PASS">
          <reporter-output>
          </reporter-output>
        </test-method> <!-- finish -->
        <test-method is-config="true" signature="setup()[pri:0, instance:com.internship.test.LoginTest@4686afc2]" started-at="2024-02-10T17:47:45 IST" name="setup" finished-at="2024-02-10T17:47:51 IST" duration-ms="5757" status="PASS">
          <reporter-output>
          </reporter-output>
        </test-method> <!-- setup -->
        <test-method signature="placementOfficerLoginInvalidPassword()[pri:3, instance:com.internship.test.LoginTest@4686afc2]" started-at="2024-02-10T17:47:51 IST" name="placementOfficerLoginInvalidPassword" finished-at="2024-02-10T17:47:52 IST" duration-ms="999" status="PASS">
          <reporter-output>
          </reporter-output>
        </test-method> <!-- placementOfficerLoginInvalidPassword -->
        <test-method is-config="true" signature="finish()[pri:0, instance:com.internship.test.LoginTest@4686afc2]" started-at="2024-02-10T17:47:52 IST" name="finish" finished-at="2024-02-10T17:47:52 IST" duration-ms="796" status="PASS">
          <reporter-output>
          </reporter-output>
        </test-method> <!-- finish -->
        <test-method is-config="true" signature="setup()[pri:0, instance:com.internship.test.LoginTest@4686afc2]" started-at="2024-02-10T17:47:52 IST" name="setup" finished-at="2024-02-10T17:47:58 IST" duration-ms="5186" status="PASS">
          <reporter-output>
          </reporter-output>
        </test-method> <!-- setup -->
        <test-method signature="trainingHeadLoginInvalidPassword()[pri:3, instance:com.internship.test.LoginTest@4686afc2]" started-at="2024-02-10T17:47:58 IST" name="trainingHeadLoginInvalidPassword" finished-at="2024-02-10T17:47:59 IST" duration-ms="910" status="PASS">
          <reporter-output>
          </reporter-output>
        </test-method> <!-- trainingHeadLoginInvalidPassword -->
        <test-method is-config="true" signature="finish()[pri:0, instance:com.internship.test.LoginTest@4686afc2]" started-at="2024-02-10T17:47:59 IST" name="finish" finished-at="2024-02-10T17:47:59 IST" duration-ms="634" status="PASS">
          <reporter-output>
          </reporter-output>
        </test-method> <!-- finish -->
        <test-method is-config="true" signature="setup()[pri:0, instance:com.internship.test.LoginTest@4686afc2]" started-at="2024-02-10T17:47:59 IST" name="setup" finished-at="2024-02-10T17:48:05 IST" duration-ms="5465" status="PASS">
          <reporter-output>
          </reporter-output>
        </test-method> <!-- setup -->
        <test-method signature="loginInvalidUsernameInvalidPassword()[pri:4, instance:com.internship.test.LoginTest@4686afc2]" started-at="2024-02-10T17:48:05 IST" name="loginInvalidUsernameInvalidPassword" finished-at="2024-02-10T17:48:06 IST" duration-ms="1022" status="PASS">
          <reporter-output>
          </reporter-output>
        </test-method> <!-- loginInvalidUsernameInvalidPassword -->
        <test-method is-config="true" signature="finish()[pri:0, instance:com.internship.test.LoginTest@4686afc2]" started-at="2024-02-10T17:48:06 IST" name="finish" finished-at="2024-02-10T17:48:06 IST" duration-ms="666" status="PASS">
          <reporter-output>
          </reporter-output>
        </test-method> <!-- finish -->
        <test-method is-config="true" signature="setup()[pri:0, instance:com.internship.test.LoginTest@4686afc2]" started-at="2024-02-10T17:48:06 IST" name="setup" finished-at="2024-02-10T17:48:11 IST" duration-ms="5097" status="PASS">
          <reporter-output>
          </reporter-output>
        </test-method> <!-- setup -->
        <test-method signature="loginBlankUsernameBlankPassword()[pri:5, instance:com.internship.test.LoginTest@4686afc2]" started-at="2024-02-10T17:48:11 IST" name="loginBlankUsernameBlankPassword" finished-at="2024-02-10T17:48:12 IST" duration-ms="941" status="PASS">
          <reporter-output>
          </reporter-output>
        </test-method> <!-- loginBlankUsernameBlankPassword -->
        <test-method is-config="true" signature="finish()[pri:0, instance:com.internship.test.LoginTest@4686afc2]" started-at="2024-02-10T17:48:12 IST" name="finish" finished-at="2024-02-10T17:48:13 IST" duration-ms="626" status="PASS">
          <reporter-output>
          </reporter-output>
        </test-method> <!-- finish -->
      </class> <!-- com.internship.test.LoginTest -->
      <class name="com.internship.test.LogoutTest">
        <test-method is-config="true" signature="setup()[pri:0, instance:com.internship.test.LogoutTest@793f29ff]" started-at="2024-02-10T17:51:21 IST" name="setup" finished-at="2024-02-10T17:51:26 IST" duration-ms="5219" status="PASS">
          <reporter-output>
          </reporter-output>
        </test-method> <!-- setup -->
        <test-method signature="adminClickLogout()[pri:0, instance:com.internship.test.LogoutTest@793f29ff]" started-at="2024-02-10T17:51:26 IST" name="adminClickLogout" finished-at="2024-02-10T17:51:27 IST" duration-ms="1319" status="PASS">
          <reporter-output>
          </reporter-output>
        </test-method> <!-- adminClickLogout -->
        <test-method is-config="true" signature="finish()[pri:0, instance:com.internship.test.LogoutTest@793f29ff]" started-at="2024-02-10T17:51:27 IST" name="finish" finished-at="2024-02-10T17:51:28 IST" duration-ms="751" status="PASS">
          <reporter-output>
          </reporter-output>
        </test-method> <!-- finish -->
        <test-method is-config="true" signature="setup()[pri:0, instance:com.internship.test.LogoutTest@793f29ff]" started-at="2024-02-10T17:51:28 IST" name="setup" finished-at="2024-02-10T17:51:34 IST" duration-ms="5674" status="PASS">
          <reporter-output>
          </reporter-output>
        </test-method> <!-- setup -->
        <test-method signature="placementOfficerClickLogout()[pri:0, instance:com.internship.test.LogoutTest@793f29ff]" started-at="2024-02-10T17:51:34 IST" name="placementOfficerClickLogout" finished-at="2024-02-10T17:51:35 IST" duration-ms="1193" status="PASS">
          <reporter-output>
          </reporter-output>
        </test-method> <!-- placementOfficerClickLogout -->
        <test-method is-config="true" signature="finish()[pri:0, instance:com.internship.test.LogoutTest@793f29ff]" started-at="2024-02-10T17:51:35 IST" name="finish" finished-at="2024-02-10T17:51:36 IST" duration-ms="623" status="PASS">
          <reporter-output>
          </reporter-output>
        </test-method> <!-- finish -->
        <test-method is-config="true" signature="setup()[pri:0, instance:com.internship.test.LogoutTest@793f29ff]" started-at="2024-02-10T17:51:36 IST" name="setup" finished-at="2024-02-10T17:51:41 IST" duration-ms="5070" status="PASS">
          <reporter-output>
          </reporter-output>
        </test-method> <!-- setup -->
        <test-method signature="trainerClickLogout()[pri:0, instance:com.internship.test.LogoutTest@793f29ff]" started-at="2024-02-10T17:51:41 IST" name="trainerClickLogout" finished-at="2024-02-10T17:51:42 IST" duration-ms="1056" status="PASS">
          <reporter-output>
          </reporter-output>
        </test-method> <!-- trainerClickLogout -->
        <test-method is-config="true" signature="finish()[pri:0, instance:com.internship.test.LogoutTest@793f29ff]" started-at="2024-02-10T17:51:42 IST" name="finish" finished-at="2024-02-10T17:51:43 IST" duration-ms="692" status="PASS">
          <reporter-output>
          </reporter-output>
        </test-method> <!-- finish -->
      </class> <!-- com.internship.test.LogoutTest -->
      <class name="com.internship.test.PlacementOfficerTest">
        <test-method is-config="true" signature="setup()[pri:0, instance:com.internship.test.PlacementOfficerTest@3e8c3cb]" started-at="2024-02-10T17:51:43 IST" name="setup" finished-at="2024-02-10T17:51:49 IST" duration-ms="6750" status="PASS">
          <reporter-output>
          </reporter-output>
        </test-method> <!-- setup -->
        <test-method signature="updatePlacementStatus()[pri:0, instance:com.internship.test.PlacementOfficerTest@3e8c3cb]" started-at="2024-02-10T17:51:49 IST" name="updatePlacementStatus" finished-at="2024-02-10T17:51:53 IST" duration-ms="3377" status="PASS">
          <reporter-output>
          </reporter-output>
        </test-method> <!-- updatePlacementStatus -->
        <test-method is-config="true" signature="finish()[pri:0, instance:com.internship.test.PlacementOfficerTest@3e8c3cb]" started-at="2024-02-10T17:51:53 IST" name="finish" finished-at="2024-02-10T17:51:53 IST" duration-ms="642" status="PASS">
          <reporter-output>
          </reporter-output>
        </test-method> <!-- finish -->
        <test-method is-config="true" signature="setup()[pri:0, instance:com.internship.test.PlacementOfficerTest@3e8c3cb]" started-at="2024-02-10T17:51:53 IST" name="setup" finished-at="2024-02-10T17:52:07 IST" duration-ms="13254" status="PASS">
          <reporter-output>
          </reporter-output>
        </test-method> <!-- setup -->
        <test-method signature="updatePlacementStatusBackButton()[pri:0, instance:com.internship.test.PlacementOfficerTest@3e8c3cb]" started-at="2024-02-10T17:52:07 IST" name="updatePlacementStatusBackButton" finished-at="2024-02-10T17:52:11 IST" duration-ms="4245" status="PASS">
          <reporter-output>
          </reporter-output>
        </test-method> <!-- updatePlacementStatusBackButton -->
        <test-method is-config="true" signature="finish()[pri:0, instance:com.internship.test.PlacementOfficerTest@3e8c3cb]" started-at="2024-02-10T17:52:11 IST" name="finish" finished-at="2024-02-10T17:52:13 IST" duration-ms="1754" status="PASS">
          <reporter-output>
          </reporter-output>
        </test-method> <!-- finish -->
      </class> <!-- com.internship.test.PlacementOfficerTest -->
    </test> <!-- Test -->
  </suite> <!-- Suite -->
</testng-results>
