<?xml version="1.0" encoding="UTF-8"?>
<!-- Generated by org.testng.reporters.JUnitXMLReporter -->
<testsuite ignored="0" hostname="Lenovo" failures="0" tests="35" name="Test" time="328.815" errors="0" timestamp="2024-02-10T17:52:13 IST">
  <testcase classname="com.internship.test.LoginTest" name="validAdminLogin" time="2.41"/>
  <testcase classname="com.internship.test.LoginTest" name="validPlacementOfficerLogin" time="1.419"/>
  <testcase classname="com.internship.test.LoginTest" name="validTrainingHeadLogin" time="1.435"/>
  <testcase classname="com.internship.test.LoginTest" name="adminLoginInvalidUsername" time="0.953"/>
  <testcase classname="com.internship.test.LoginTest" name="placementOfficerLoginInvalidUsername" time="1.076"/>
  <testcase classname="com.internship.test.LoginTest" name="trainingHeadLoginInvalidUsername" time="0.932"/>
  <testcase classname="com.internship.test.LoginTest" name="adminLoginInvalidPassword" time="1.056"/>
  <testcase classname="com.internship.test.LoginTest" name="placementOfficerLoginInvalidPassword" time="0.999"/>
  <testcase classname="com.internship.test.LoginTest" name="trainingHeadLoginInvalidPassword" time="0.91"/>
  <testcase classname="com.internship.test.LoginTest" name="loginInvalidUsernameInvalidPassword" time="1.022"/>
  <testcase classname="com.internship.test.LoginTest" name="loginBlankUsernameBlankPassword" time="0.941"/>
  <testcase classname="com.internship.test.AdminTest" name="addUser" time="4.538"/>
  <testcase classname="com.internship.test.AdminTest" name="admiCSVCancel" time="3.44"/>
  <testcase classname="com.internship.test.AdminTest" name="adminAddCSV" time="3.257"/>
  <testcase classname="com.internship.test.AdminTest" name="adminAddLearner" time="3.644"/>
  <testcase classname="com.internship.test.AdminTest" name="adminAddLearnerCancel" time="3.616"/>
  <testcase classname="com.internship.test.AdminTest" name="adminDeleteLearner" time="2.087"/>
  <testcase classname="com.internship.test.AdminTest" name="adminEditLearner" time="4.138"/>
  <testcase classname="com.internship.test.AdminTest" name="adminUpdatePlacementStatus" time="3.293"/>
  <testcase classname="com.internship.test.AdminTest" name="deleteUser" time="2.103"/>
  <testcase classname="com.internship.test.AdminTest" name="editUser" time="4.892"/>
  <testcase classname="com.internship.test.TrainingHeadTest" name="addLearner" time="3.216"/>
  <testcase classname="com.internship.test.TrainingHeadTest" name="addLearnerBackButton" time="3.098"/>
  <testcase classname="com.internship.test.TrainingHeadTest" name="addLearnerWithInvalidLearnerid" time="3.036"/>
  <testcase classname="com.internship.test.TrainingHeadTest" name="addLearnerWithInvalidName" time="2.45"/>
  <testcase classname="com.internship.test.TrainingHeadTest" name="addcsv" time="2.878"/>
  <testcase classname="com.internship.test.TrainingHeadTest" name="cancelcsv" time="2.059"/>
  <testcase classname="com.internship.test.TrainingHeadTest" name="deleteLearnerDetails" time="1.675"/>
  <testcase classname="com.internship.test.TrainingHeadTest" name="editLearnerDetails" time="3.744"/>
  <testcase classname="com.internship.test.TrainingHeadTest" name="editLearnerDetailsBackButton" time="3.241"/>
  <testcase classname="com.internship.test.LogoutTest" name="adminClickLogout" time="1.319"/>
  <testcase classname="com.internship.test.LogoutTest" name="placementOfficerClickLogout" time="1.193"/>
  <testcase classname="com.internship.test.LogoutTest" name="trainerClickLogout" time="1.056"/>
  <testcase classname="com.internship.test.PlacementOfficerTest" name="updatePlacementStatus" time="3.377"/>
  <testcase classname="com.internship.test.PlacementOfficerTest" name="updatePlacementStatusBackButton" time="4.245"/>
</testsuite> <!-- Test -->
